[2023-08-25 10:50:28] INFO Log saved in /root/autodl-tmp/xingmei/RecStudio/log/AutoInt/ml-1m/2023-08-25-10-50-28-804762.log.
[2023-08-25 10:50:28] INFO Global seed set to 2022
[2023-08-25 10:50:28] INFO dataset is read from ./.recstudio/ml-1m.
[2023-08-25 10:50:35] INFO 
Dataset Info: 

=============================================================================
interaction information: 
field      UserID     MovieID    Rating     Timestamp  
type       token      token      float      float      
##         6041       3417       -          -          
=============================================================================
user information: 
field      UserID     Gender     Age        Occupation Zip-code   
type       token      token      token      token      token      
##         6041       3          8          22         3440       
=============================================================================
item information: 
field      MovieID    Title      Genres     
type       token      token_seq  token_seq  
##         3417       4702       19         
=============================================================================
Total Interactions: 999611
Sparsity: 0.951552
=============================================================================

[2023-08-25 10:50:35] INFO 
Model Config: 

data:
	binarized_rating_thres=3.0
	fm_eval=False
	neg_count=0
	sampler=None
	shuffle=True
	split_mode=user_entry
	split_ratio=[0.8, 0.1, 0.1]
	fmeval=True
	low_rating_thres=0.0
eval:
	batch_size=128
	cutoff=[5, 10, 20]
	val_metrics=['auc', 'logloss']
	val_n_epoch=1
	test_metrics=['auc', 'logloss']
	topk=100
	save_path=./saved/
model:
	embed_dim=10
	item_bias=False
	wide=False
	deep=False
	mlp_layer=[128, 64]
	activation=relu
	dropout=0.5
	attention_dim=10
	num_attention_layers=3
	n_head=1
	residual=True
	residual_project=True
	layer_norm=False
train:
	accelerator=gpu
	ann=None
	batch_size=512
	early_stop_mode=max
	early_stop_patience=10
	epochs=1000
	gpu=1
	grad_clip_norm=None
	init_method=xavier_normal
	item_batch_size=1024
	learner=adam
	learning_rate=0.001
	num_threads=10
	sampling_method=none
	sampler=uniform
	negative_count=0
	excluding_hist=False
	scheduler=None
	seed=2022
	weight_decay=0.0
	tensorboard_path=None
[2023-08-25 10:50:35] INFO Tensorboard log saved in ./tensorboard/AutoInt/ml-1m/2023-08-25-10-50-28-804762.
[2023-08-25 10:50:35] WARNING If you want to use all fields, the float fields might need a scaler. This can be set in dataset.yaml
[2023-08-25 10:50:35] WARNING No retriever is used, topk metrics is not supported.
[2023-08-25 10:50:35] INFO save_dir:./saved/
[2023-08-25 10:50:35] INFO AutoInt(
  (loss_fn): BCEWithLogitLoss()
  (embedding): Embeddings(
    num_features=9, embed_dim=10, reduction=mean
    (embeddings): ModuleDict(
      (Timestamp): DenseEmbedding(
        embedding_dim=10, bias=False, batch_norm=True
        (batch_norm_layer): BatchNorm1d(1, eps=1e-05, momentum=0.1, affine=True, track_running_stats=True)
        (weight): Linear(in_features=1, out_features=10, bias=False)
      )
      (Title): Embedding(4702, 10, padding_idx=0)
      (Gender): Embedding(3, 10, padding_idx=0)
      (Genres): Embedding(19, 10, padding_idx=0)
      (UserID): Embedding(6041, 10, padding_idx=0)
      (MovieID): Embedding(3417, 10, padding_idx=0)
      (Occupation): Embedding(22, 10, padding_idx=0)
      (Age): Embedding(8, 10, padding_idx=0)
      (Zip-code): Embedding(3440, 10, padding_idx=0)
    )
    (seq_pooling_layer): SeqPoolingLayer(pooling_type=mean, keepdim=False)
  )
  (int): Sequential(
    (0): SelfAttentionInteractingLayer(
      attention_dim=10, n_head=1, dropout=0.5, residual=True, layer_norm=False
      (attn): AttentionLayer(
        (attn_layer): MultiheadAttention(
          (out_proj): NonDynamicallyQuantizableLinear(in_features=10, out_features=10, bias=True)
        )
      )
      (res): Linear(in_features=10, out_features=10, bias=True)
    )
    (1): SelfAttentionInteractingLayer(
      attention_dim=10, n_head=1, dropout=0.5, residual=True, layer_norm=False
      (attn): AttentionLayer(
        (attn_layer): MultiheadAttention(
          (out_proj): NonDynamicallyQuantizableLinear(in_features=10, out_features=10, bias=True)
        )
      )
      (res): Linear(in_features=10, out_features=10, bias=True)
    )
    (2): SelfAttentionInteractingLayer(
      attention_dim=10, n_head=1, dropout=0.5, residual=True, layer_norm=False
      (attn): AttentionLayer(
        (attn_layer): MultiheadAttention(
          (out_proj): NonDynamicallyQuantizableLinear(in_features=10, out_features=10, bias=True)
        )
      )
      (res): Linear(in_features=10, out_features=10, bias=True)
    )
  )
  (fc): Linear(in_features=90, out_features=1, bias=True)
)
[2023-08-25 10:51:27] INFO Training: Epoch=  0 [logloss=0.3411 auc=0.8253 train_loss_0=0.3689]
[2023-08-25 10:51:27] INFO Train time: 46.13281s. Valid time: 4.33142s. GPU RAM: 0.03/39.39 GB
[2023-08-25 10:51:27] INFO auc improved. Best value: 0.8253
[2023-08-25 10:51:27] INFO Best model checkpoint saved in ./saved/AutoInt/ml-1m/2023-08-25-10-50-28-804762.ckpt.
[2023-08-25 10:52:14] INFO Training: Epoch=  1 [logloss=0.3380 auc=0.8284 train_loss_0=0.3371]
[2023-08-25 10:52:15] INFO Train time: 42.63257s. Valid time: 4.80299s. GPU RAM: 0.03/39.39 GB
[2023-08-25 10:52:15] INFO auc improved. Best value: 0.8284
[2023-08-25 10:52:15] INFO Best model checkpoint saved in ./saved/AutoInt/ml-1m/2023-08-25-10-50-28-804762.ckpt.
[2023-08-25 10:53:01] INFO Training: Epoch=  2 [logloss=0.3353 auc=0.8317 train_loss_0=0.3334]
[2023-08-25 10:53:01] INFO Train time: 41.06959s. Valid time: 4.92094s. GPU RAM: 0.03/39.39 GB
[2023-08-25 10:53:01] INFO auc improved. Best value: 0.8317
[2023-08-25 10:53:01] INFO Best model checkpoint saved in ./saved/AutoInt/ml-1m/2023-08-25-10-50-28-804762.ckpt.
[2023-08-25 10:53:42] INFO Training: Epoch=  3 [logloss=0.3319 auc=0.8358 train_loss_0=0.3282]
[2023-08-25 10:53:42] INFO Train time: 36.10252s. Valid time: 4.96683s. GPU RAM: 0.03/39.39 GB
[2023-08-25 10:53:42] INFO auc improved. Best value: 0.8358
[2023-08-25 10:53:42] INFO Best model checkpoint saved in ./saved/AutoInt/ml-1m/2023-08-25-10-50-28-804762.ckpt.
[2023-08-25 10:54:23] INFO Training: Epoch=  4 [logloss=0.3299 auc=0.8388 train_loss_0=0.3235]
[2023-08-25 10:54:23] INFO Train time: 35.24485s. Valid time: 5.53370s. GPU RAM: 0.04/39.39 GB
[2023-08-25 10:54:23] INFO auc improved. Best value: 0.8388
[2023-08-25 10:54:23] INFO Best model checkpoint saved in ./saved/AutoInt/ml-1m/2023-08-25-10-50-28-804762.ckpt.
[2023-08-25 10:55:02] INFO Training: Epoch=  5 [logloss=0.3284 auc=0.8404 train_loss_0=0.3202]
[2023-08-25 10:55:03] INFO Train time: 34.21945s. Valid time: 5.71642s. GPU RAM: 0.04/39.39 GB
[2023-08-25 10:55:03] INFO auc improved. Best value: 0.8404
[2023-08-25 10:55:03] INFO Best model checkpoint saved in ./saved/AutoInt/ml-1m/2023-08-25-10-50-28-804762.ckpt.
[2023-08-25 10:55:42] INFO Training: Epoch=  6 [logloss=0.3293 auc=0.8413 train_loss_0=0.3179]
[2023-08-25 10:55:42] INFO Train time: 33.28244s. Valid time: 5.91007s. GPU RAM: 0.04/39.39 GB
[2023-08-25 10:55:42] INFO auc improved. Best value: 0.8413
[2023-08-25 10:55:42] INFO Best model checkpoint saved in ./saved/AutoInt/ml-1m/2023-08-25-10-50-28-804762.ckpt.
[2023-08-25 10:56:22] INFO Training: Epoch=  7 [logloss=0.3273 auc=0.8420 train_loss_0=0.3157]
[2023-08-25 10:56:22] INFO Train time: 35.27605s. Valid time: 5.03782s. GPU RAM: 0.04/39.39 GB
[2023-08-25 10:56:22] INFO auc improved. Best value: 0.8420
[2023-08-25 10:56:22] INFO Best model checkpoint saved in ./saved/AutoInt/ml-1m/2023-08-25-10-50-28-804762.ckpt.
[2023-08-25 10:57:02] INFO Training: Epoch=  8 [logloss=0.3279 auc=0.8429 train_loss_0=0.3136]
[2023-08-25 10:57:02] INFO Train time: 34.47663s. Valid time: 5.39014s. GPU RAM: 0.04/39.39 GB
[2023-08-25 10:57:02] INFO auc improved. Best value: 0.8429
[2023-08-25 10:57:02] INFO Best model checkpoint saved in ./saved/AutoInt/ml-1m/2023-08-25-10-50-28-804762.ckpt.
[2023-08-25 10:57:42] INFO Training: Epoch=  9 [logloss=0.3269 auc=0.8433 train_loss_0=0.3116]
[2023-08-25 10:57:42] INFO Train time: 34.18035s. Valid time: 5.96800s. GPU RAM: 0.04/39.39 GB
[2023-08-25 10:57:42] INFO auc improved. Best value: 0.8433
[2023-08-25 10:57:42] INFO Best model checkpoint saved in ./saved/AutoInt/ml-1m/2023-08-25-10-50-28-804762.ckpt.
[2023-08-25 10:58:20] INFO Training: Epoch= 10 [logloss=0.3268 auc=0.8438 train_loss_0=0.3095]
[2023-08-25 10:58:20] INFO Train time: 32.18090s. Valid time: 5.48197s. GPU RAM: 0.04/39.39 GB
[2023-08-25 10:58:20] INFO auc improved. Best value: 0.8438
[2023-08-25 10:58:20] INFO Best model checkpoint saved in ./saved/AutoInt/ml-1m/2023-08-25-10-50-28-804762.ckpt.
[2023-08-25 10:59:00] INFO Training: Epoch= 11 [logloss=0.3278 auc=0.8437 train_loss_0=0.3077]
[2023-08-25 10:59:00] INFO Train time: 34.79132s. Valid time: 5.45368s. GPU RAM: 0.04/39.39 GB
[2023-08-25 10:59:38] INFO Training: Epoch= 12 [logloss=0.3280 auc=0.8437 train_loss_0=0.3063]
[2023-08-25 10:59:38] INFO Train time: 33.14048s. Valid time: 4.71900s. GPU RAM: 0.04/39.39 GB
[2023-08-25 11:00:18] INFO Training: Epoch= 13 [logloss=0.3277 auc=0.8436 train_loss_0=0.3051]
[2023-08-25 11:00:18] INFO Train time: 34.92779s. Valid time: 4.34349s. GPU RAM: 0.04/39.39 GB
[2023-08-25 11:00:59] INFO Training: Epoch= 14 [logloss=0.3282 auc=0.8434 train_loss_0=0.3037]
[2023-08-25 11:00:59] INFO Train time: 37.37375s. Valid time: 4.20603s. GPU RAM: 0.04/39.39 GB
[2023-08-25 11:01:40] INFO Training: Epoch= 15 [logloss=0.3286 auc=0.8432 train_loss_0=0.3027]
[2023-08-25 11:01:40] INFO Train time: 36.29297s. Valid time: 4.59369s. GPU RAM: 0.04/39.39 GB
[2023-08-25 11:02:20] INFO Training: Epoch= 16 [logloss=0.3285 auc=0.8431 train_loss_0=0.3017]
[2023-08-25 11:02:20] INFO Train time: 34.62579s. Valid time: 5.03894s. GPU RAM: 0.04/39.39 GB
[2023-08-25 11:03:01] INFO Training: Epoch= 17 [logloss=0.3299 auc=0.8437 train_loss_0=0.3008]
[2023-08-25 11:03:01] INFO Train time: 36.52063s. Valid time: 4.62231s. GPU RAM: 0.04/39.39 GB
[2023-08-25 11:03:41] INFO Training: Epoch= 18 [logloss=0.3296 auc=0.8427 train_loss_0=0.2997]
[2023-08-25 11:03:41] INFO Train time: 34.44657s. Valid time: 5.32161s. GPU RAM: 0.04/39.39 GB
[2023-08-25 11:04:21] INFO Training: Epoch= 19 [logloss=0.3304 auc=0.8424 train_loss_0=0.2987]
[2023-08-25 11:04:21] INFO Train time: 34.03644s. Valid time: 5.82791s. GPU RAM: 0.04/39.39 GB
[2023-08-25 11:04:59] INFO Training: Epoch= 20 [logloss=0.3298 auc=0.8426 train_loss_0=0.2976]
[2023-08-25 11:04:59] INFO Train time: 34.38594s. Valid time: 4.07775s. GPU RAM: 0.04/39.39 GB
[2023-08-25 11:04:59] INFO Early stopped. Since the metric auc haven't been improved for 10 epochs.
[2023-08-25 11:04:59] INFO The best score of auc is 0.8438 on epoch 10
[2023-08-25 11:04:59] INFO Best model checkpoint saved in ./saved/AutoInt/ml-1m/2023-08-25-10-50-28-804762.ckpt.
[2023-08-25 11:05:03] INFO Testing:  [logloss=0.3248 auc=0.8454]
