[2023-08-25 10:50:28] INFO Log saved in /root/autodl-tmp/xingmei/RecStudio/log/AutoInt/ml-1m/2023-08-25-10-50-28-803373.log.
[2023-08-25 10:50:28] INFO Global seed set to 2022
[2023-08-25 10:50:28] INFO dataset is read from ./.recstudio/ml-1m.
[2023-08-25 10:50:35] INFO 
Dataset Info: 

=============================================================================
interaction information: 
field      UserID     MovieID    Rating     Timestamp  
type       token      token      float      float      
##         6041       3417       -          -          
=============================================================================
user information: 
field      UserID     Gender     Age        Occupation Zip-code   
type       token      token      token      token      token      
##         6041       3          8          22         3440       
=============================================================================
item information: 
field      MovieID    Title      Genres     
type       token      token_seq  token_seq  
##         3417       4702       19         
=============================================================================
Total Interactions: 999611
Sparsity: 0.951552
=============================================================================

[2023-08-25 10:50:35] INFO 
Model Config: 

data:
	binarized_rating_thres=3.0
	fm_eval=False
	neg_count=0
	sampler=None
	shuffle=True
	split_mode=user_entry
	split_ratio=[0.8, 0.1, 0.1]
	fmeval=True
	low_rating_thres=0.0
eval:
	batch_size=128
	cutoff=[5, 10, 20]
	val_metrics=['auc', 'logloss']
	val_n_epoch=1
	test_metrics=['auc', 'logloss']
	topk=100
	save_path=./saved/
model:
	embed_dim=10
	item_bias=False
	wide=False
	deep=False
	mlp_layer=[128, 64]
	activation=relu
	dropout=0.5
	attention_dim=10
	num_attention_layers=2
	n_head=1
	residual=True
	residual_project=True
	layer_norm=False
train:
	accelerator=gpu
	ann=None
	batch_size=512
	early_stop_mode=max
	early_stop_patience=10
	epochs=1000
	gpu=1
	grad_clip_norm=None
	init_method=xavier_normal
	item_batch_size=1024
	learner=adam
	learning_rate=0.001
	num_threads=10
	sampling_method=none
	sampler=uniform
	negative_count=0
	excluding_hist=False
	scheduler=None
	seed=2022
	weight_decay=0.0
	tensorboard_path=None
[2023-08-25 10:50:35] INFO Tensorboard log saved in ./tensorboard/AutoInt/ml-1m/2023-08-25-10-50-28-803373.
[2023-08-25 10:50:35] WARNING If you want to use all fields, the float fields might need a scaler. This can be set in dataset.yaml
[2023-08-25 10:50:35] WARNING No retriever is used, topk metrics is not supported.
[2023-08-25 10:50:35] INFO save_dir:./saved/
[2023-08-25 10:50:35] INFO AutoInt(
  (loss_fn): BCEWithLogitLoss()
  (embedding): Embeddings(
    num_features=9, embed_dim=10, reduction=mean
    (embeddings): ModuleDict(
      (MovieID): Embedding(3417, 10, padding_idx=0)
      (UserID): Embedding(6041, 10, padding_idx=0)
      (Title): Embedding(4702, 10, padding_idx=0)
      (Occupation): Embedding(22, 10, padding_idx=0)
      (Zip-code): Embedding(3440, 10, padding_idx=0)
      (Timestamp): DenseEmbedding(
        embedding_dim=10, bias=False, batch_norm=True
        (batch_norm_layer): BatchNorm1d(1, eps=1e-05, momentum=0.1, affine=True, track_running_stats=True)
        (weight): Linear(in_features=1, out_features=10, bias=False)
      )
      (Age): Embedding(8, 10, padding_idx=0)
      (Gender): Embedding(3, 10, padding_idx=0)
      (Genres): Embedding(19, 10, padding_idx=0)
    )
    (seq_pooling_layer): SeqPoolingLayer(pooling_type=mean, keepdim=False)
  )
  (int): Sequential(
    (0): SelfAttentionInteractingLayer(
      attention_dim=10, n_head=1, dropout=0.5, residual=True, layer_norm=False
      (attn): AttentionLayer(
        (attn_layer): MultiheadAttention(
          (out_proj): NonDynamicallyQuantizableLinear(in_features=10, out_features=10, bias=True)
        )
      )
      (res): Linear(in_features=10, out_features=10, bias=True)
    )
    (1): SelfAttentionInteractingLayer(
      attention_dim=10, n_head=1, dropout=0.5, residual=True, layer_norm=False
      (attn): AttentionLayer(
        (attn_layer): MultiheadAttention(
          (out_proj): NonDynamicallyQuantizableLinear(in_features=10, out_features=10, bias=True)
        )
      )
      (res): Linear(in_features=10, out_features=10, bias=True)
    )
  )
  (fc): Linear(in_features=90, out_features=1, bias=True)
)
[2023-08-25 10:51:25] INFO Training: Epoch=  0 [logloss=0.3406 auc=0.8250 train_loss_0=0.3688]
[2023-08-25 10:51:25] INFO Train time: 42.07461s. Valid time: 5.94997s. GPU RAM: 0.03/39.39 GB
[2023-08-25 10:51:25] INFO auc improved. Best value: 0.8250
[2023-08-25 10:51:25] INFO Best model checkpoint saved in ./saved/AutoInt/ml-1m/2023-08-25-10-50-28-803373.ckpt.
[2023-08-25 10:52:06] INFO Training: Epoch=  1 [logloss=0.3385 auc=0.8283 train_loss_0=0.3363]
[2023-08-25 10:52:06] INFO Train time: 34.46774s. Valid time: 6.46190s. GPU RAM: 0.03/39.39 GB
[2023-08-25 10:52:06] INFO auc improved. Best value: 0.8283
[2023-08-25 10:52:06] INFO Best model checkpoint saved in ./saved/AutoInt/ml-1m/2023-08-25-10-50-28-803373.ckpt.
[2023-08-25 10:52:44] INFO Training: Epoch=  2 [logloss=0.3359 auc=0.8308 train_loss_0=0.3334]
[2023-08-25 10:52:44] INFO Train time: 31.84205s. Valid time: 6.15237s. GPU RAM: 0.03/39.39 GB
[2023-08-25 10:52:44] INFO auc improved. Best value: 0.8308
[2023-08-25 10:52:44] INFO Best model checkpoint saved in ./saved/AutoInt/ml-1m/2023-08-25-10-50-28-803373.ckpt.
[2023-08-25 10:53:20] INFO Training: Epoch=  3 [logloss=0.3328 auc=0.8344 train_loss_0=0.3295]
[2023-08-25 10:53:20] INFO Train time: 29.87151s. Valid time: 6.36013s. GPU RAM: 0.04/39.39 GB
[2023-08-25 10:53:20] INFO auc improved. Best value: 0.8344
[2023-08-25 10:53:20] INFO Best model checkpoint saved in ./saved/AutoInt/ml-1m/2023-08-25-10-50-28-803373.ckpt.
[2023-08-25 10:53:58] INFO Training: Epoch=  4 [logloss=0.3310 auc=0.8368 train_loss_0=0.3253]
[2023-08-25 10:53:58] INFO Train time: 32.82263s. Valid time: 4.94621s. GPU RAM: 0.04/39.39 GB
[2023-08-25 10:53:58] INFO auc improved. Best value: 0.8368
[2023-08-25 10:53:58] INFO Best model checkpoint saved in ./saved/AutoInt/ml-1m/2023-08-25-10-50-28-803373.ckpt.
[2023-08-25 10:54:38] INFO Training: Epoch=  5 [logloss=0.3295 auc=0.8390 train_loss_0=0.3220]
[2023-08-25 10:54:38] INFO Train time: 33.85121s. Valid time: 5.92892s. GPU RAM: 0.04/39.39 GB
[2023-08-25 10:54:38] INFO auc improved. Best value: 0.8390
[2023-08-25 10:54:38] INFO Best model checkpoint saved in ./saved/AutoInt/ml-1m/2023-08-25-10-50-28-803373.ckpt.
[2023-08-25 10:55:14] INFO Training: Epoch=  6 [logloss=0.3289 auc=0.8401 train_loss_0=0.3192]
[2023-08-25 10:55:14] INFO Train time: 30.26431s. Valid time: 6.50449s. GPU RAM: 0.04/39.39 GB
[2023-08-25 10:55:14] INFO auc improved. Best value: 0.8401
[2023-08-25 10:55:14] INFO Best model checkpoint saved in ./saved/AutoInt/ml-1m/2023-08-25-10-50-28-803373.ckpt.
[2023-08-25 10:55:50] INFO Training: Epoch=  7 [logloss=0.3279 auc=0.8420 train_loss_0=0.3166]
[2023-08-25 10:55:50] INFO Train time: 31.07739s. Valid time: 4.97863s. GPU RAM: 0.04/39.39 GB
[2023-08-25 10:55:50] INFO auc improved. Best value: 0.8420
[2023-08-25 10:55:50] INFO Best model checkpoint saved in ./saved/AutoInt/ml-1m/2023-08-25-10-50-28-803373.ckpt.
[2023-08-25 10:56:30] INFO Training: Epoch=  8 [logloss=0.3269 auc=0.8433 train_loss_0=0.3140]
[2023-08-25 10:56:30] INFO Train time: 34.39141s. Valid time: 5.15058s. GPU RAM: 0.04/39.39 GB
[2023-08-25 10:56:30] INFO auc improved. Best value: 0.8433
[2023-08-25 10:56:30] INFO Best model checkpoint saved in ./saved/AutoInt/ml-1m/2023-08-25-10-50-28-803373.ckpt.
[2023-08-25 10:57:09] INFO Training: Epoch=  9 [logloss=0.3282 auc=0.8433 train_loss_0=0.3121]
[2023-08-25 10:57:10] INFO Train time: 34.22945s. Valid time: 5.18178s. GPU RAM: 0.04/39.39 GB
[2023-08-25 10:57:10] INFO auc improved. Best value: 0.8433
[2023-08-25 10:57:10] INFO Best model checkpoint saved in ./saved/AutoInt/ml-1m/2023-08-25-10-50-28-803373.ckpt.
[2023-08-25 10:57:50] INFO Training: Epoch= 10 [logloss=0.3283 auc=0.8434 train_loss_0=0.3102]
[2023-08-25 10:57:50] INFO Train time: 34.84093s. Valid time: 5.11371s. GPU RAM: 0.04/39.39 GB
[2023-08-25 10:57:50] INFO auc improved. Best value: 0.8434
[2023-08-25 10:57:50] INFO Best model checkpoint saved in ./saved/AutoInt/ml-1m/2023-08-25-10-50-28-803373.ckpt.
[2023-08-25 10:58:28] INFO Training: Epoch= 11 [logloss=0.3276 auc=0.8435 train_loss_0=0.3087]
[2023-08-25 10:58:28] INFO Train time: 32.06835s. Valid time: 5.97331s. GPU RAM: 0.04/39.39 GB
[2023-08-25 10:58:28] INFO auc improved. Best value: 0.8435
[2023-08-25 10:58:28] INFO Best model checkpoint saved in ./saved/AutoInt/ml-1m/2023-08-25-10-50-28-803373.ckpt.
[2023-08-25 10:59:04] INFO Training: Epoch= 12 [logloss=0.3286 auc=0.8429 train_loss_0=0.3074]
[2023-08-25 10:59:04] INFO Train time: 31.06179s. Valid time: 5.52231s. GPU RAM: 0.04/39.39 GB
[2023-08-25 10:59:41] INFO Training: Epoch= 13 [logloss=0.3281 auc=0.8432 train_loss_0=0.3062]
[2023-08-25 10:59:41] INFO Train time: 31.61627s. Valid time: 4.62195s. GPU RAM: 0.04/39.39 GB
[2023-08-25 11:00:17] INFO Training: Epoch= 14 [logloss=0.3292 auc=0.8426 train_loss_0=0.3049]
[2023-08-25 11:00:18] INFO Train time: 32.76198s. Valid time: 4.14009s. GPU RAM: 0.04/39.39 GB
[2023-08-25 11:00:58] INFO Training: Epoch= 15 [logloss=0.3299 auc=0.8429 train_loss_0=0.3037]
[2023-08-25 11:00:58] INFO Train time: 35.82866s. Valid time: 4.66784s. GPU RAM: 0.04/39.39 GB
[2023-08-25 11:01:38] INFO Training: Epoch= 16 [logloss=0.3306 auc=0.8426 train_loss_0=0.3027]
[2023-08-25 11:01:38] INFO Train time: 35.31653s. Valid time: 4.38646s. GPU RAM: 0.04/39.39 GB
[2023-08-25 11:02:15] INFO Training: Epoch= 17 [logloss=0.3301 auc=0.8425 train_loss_0=0.3018]
[2023-08-25 11:02:15] INFO Train time: 32.55161s. Valid time: 5.01124s. GPU RAM: 0.04/39.39 GB
[2023-08-25 11:02:54] INFO Training: Epoch= 18 [logloss=0.3315 auc=0.8417 train_loss_0=0.3007]
[2023-08-25 11:02:54] INFO Train time: 32.78656s. Valid time: 6.14758s. GPU RAM: 0.04/39.39 GB
[2023-08-25 11:03:31] INFO Training: Epoch= 19 [logloss=0.3322 auc=0.8421 train_loss_0=0.2998]
[2023-08-25 11:03:31] INFO Train time: 30.79222s. Valid time: 5.84016s. GPU RAM: 0.04/39.39 GB
[2023-08-25 11:04:12] INFO Training: Epoch= 20 [logloss=0.3315 auc=0.8423 train_loss_0=0.2989]
[2023-08-25 11:04:12] INFO Train time: 35.93447s. Valid time: 5.37058s. GPU RAM: 0.04/39.39 GB
[2023-08-25 11:04:51] INFO Training: Epoch= 21 [logloss=0.3326 auc=0.8419 train_loss_0=0.2979]
[2023-08-25 11:04:51] INFO Train time: 31.62788s. Valid time: 6.76643s. GPU RAM: 0.04/39.39 GB
[2023-08-25 11:04:51] INFO Early stopped. Since the metric auc haven't been improved for 10 epochs.
[2023-08-25 11:04:51] INFO The best score of auc is 0.8435 on epoch 11
[2023-08-25 11:04:51] INFO Best model checkpoint saved in ./saved/AutoInt/ml-1m/2023-08-25-10-50-28-803373.ckpt.
[2023-08-25 11:04:56] INFO Testing:  [logloss=0.3251 auc=0.8458]
