[2023-08-25 11:48:30] INFO Log saved in /root/autodl-tmp/xingmei/RecStudio/log/AutoInt/ml-1m/2023-08-25-11-48-30-262480.log.
[2023-08-25 11:48:30] INFO Global seed set to 2022
[2023-08-25 11:48:30] INFO dataset is read from ./.recstudio/ml-1m.
[2023-08-25 11:48:37] INFO 
Dataset Info: 

=============================================================================
interaction information: 
field      UserID     MovieID    Rating     Timestamp  
type       token      token      float      float      
##         6041       3417       -          -          
=============================================================================
user information: 
field      UserID     Gender     Age        Occupation Zip-code   
type       token      token      token      token      token      
##         6041       3          8          22         3440       
=============================================================================
item information: 
field      MovieID    Title      Genres     
type       token      token_seq  token_seq  
##         3417       4702       19         
=============================================================================
Total Interactions: 999611
Sparsity: 0.951552
=============================================================================

[2023-08-25 11:48:37] INFO 
Model Config: 

data:
	binarized_rating_thres=3.0
	fm_eval=False
	neg_count=0
	sampler=None
	shuffle=True
	split_mode=user_entry
	split_ratio=[0.8, 0.1, 0.1]
	fmeval=True
	low_rating_thres=0.0
eval:
	batch_size=128
	cutoff=[5, 10, 20]
	val_metrics=['auc', 'logloss']
	val_n_epoch=1
	test_metrics=['auc', 'logloss']
	topk=100
	save_path=./saved/
model:
	embed_dim=10
	item_bias=False
	wide=False
	deep=False
	mlp_layer=[128, 64]
	activation=relu
	dropout=0.5
	attention_dim=10
	num_attention_layers=4
	n_head=5
	residual=True
	residual_project=True
	layer_norm=False
train:
	accelerator=gpu
	ann=None
	batch_size=512
	early_stop_mode=max
	early_stop_patience=10
	epochs=1000
	gpu=1
	grad_clip_norm=None
	init_method=xavier_normal
	item_batch_size=1024
	learner=adam
	learning_rate=0.001
	num_threads=10
	sampling_method=none
	sampler=uniform
	negative_count=0
	excluding_hist=False
	scheduler=None
	seed=2022
	weight_decay=0.0
	tensorboard_path=None
[2023-08-25 11:48:37] INFO Tensorboard log saved in ./tensorboard/AutoInt/ml-1m/2023-08-25-11-48-30-262480.
[2023-08-25 11:48:37] WARNING If you want to use all fields, the float fields might need a scaler. This can be set in dataset.yaml
[2023-08-25 11:48:37] WARNING No retriever is used, topk metrics is not supported.
[2023-08-25 11:48:37] INFO save_dir:./saved/
[2023-08-25 11:48:37] INFO AutoInt(
  (loss_fn): BCEWithLogitLoss()
  (embedding): Embeddings(
    num_features=9, embed_dim=10, reduction=mean
    (embeddings): ModuleDict(
      (Occupation): Embedding(22, 10, padding_idx=0)
      (UserID): Embedding(6041, 10, padding_idx=0)
      (Genres): Embedding(19, 10, padding_idx=0)
      (Timestamp): DenseEmbedding(
        embedding_dim=10, bias=False, batch_norm=True
        (batch_norm_layer): BatchNorm1d(1, eps=1e-05, momentum=0.1, affine=True, track_running_stats=True)
        (weight): Linear(in_features=1, out_features=10, bias=False)
      )
      (Age): Embedding(8, 10, padding_idx=0)
      (Zip-code): Embedding(3440, 10, padding_idx=0)
      (Gender): Embedding(3, 10, padding_idx=0)
      (Title): Embedding(4702, 10, padding_idx=0)
      (MovieID): Embedding(3417, 10, padding_idx=0)
    )
    (seq_pooling_layer): SeqPoolingLayer(pooling_type=mean, keepdim=False)
  )
  (int): Sequential(
    (0): SelfAttentionInteractingLayer(
      attention_dim=10, n_head=5, dropout=0.5, residual=True, layer_norm=False
      (attn): AttentionLayer(
        (attn_layer): MultiheadAttention(
          (out_proj): NonDynamicallyQuantizableLinear(in_features=10, out_features=10, bias=True)
        )
      )
      (res): Linear(in_features=10, out_features=10, bias=True)
    )
    (1): SelfAttentionInteractingLayer(
      attention_dim=10, n_head=5, dropout=0.5, residual=True, layer_norm=False
      (attn): AttentionLayer(
        (attn_layer): MultiheadAttention(
          (out_proj): NonDynamicallyQuantizableLinear(in_features=10, out_features=10, bias=True)
        )
      )
      (res): Linear(in_features=10, out_features=10, bias=True)
    )
    (2): SelfAttentionInteractingLayer(
      attention_dim=10, n_head=5, dropout=0.5, residual=True, layer_norm=False
      (attn): AttentionLayer(
        (attn_layer): MultiheadAttention(
          (out_proj): NonDynamicallyQuantizableLinear(in_features=10, out_features=10, bias=True)
        )
      )
      (res): Linear(in_features=10, out_features=10, bias=True)
    )
    (3): SelfAttentionInteractingLayer(
      attention_dim=10, n_head=5, dropout=0.5, residual=True, layer_norm=False
      (attn): AttentionLayer(
        (attn_layer): MultiheadAttention(
          (out_proj): NonDynamicallyQuantizableLinear(in_features=10, out_features=10, bias=True)
        )
      )
      (res): Linear(in_features=10, out_features=10, bias=True)
    )
  )
  (fc): Linear(in_features=90, out_features=1, bias=True)
)
[2023-08-25 11:49:03] INFO Training: Epoch=  0 [logloss=0.3406 auc=0.8253 train_loss_0=0.3682]
[2023-08-25 11:49:03] INFO Train time: 22.73051s. Valid time: 2.52216s. GPU RAM: 0.04/39.39 GB
[2023-08-25 11:49:03] INFO auc improved. Best value: 0.8253
[2023-08-25 11:49:03] INFO Best model checkpoint saved in ./saved/AutoInt/ml-1m/2023-08-25-11-48-30-262480.ckpt.
[2023-08-25 11:49:29] INFO Training: Epoch=  1 [logloss=0.3366 auc=0.8297 train_loss_0=0.3368]
[2023-08-25 11:49:29] INFO Train time: 23.84674s. Valid time: 2.35959s. GPU RAM: 0.04/39.39 GB
[2023-08-25 11:49:29] INFO auc improved. Best value: 0.8297
[2023-08-25 11:49:29] INFO Best model checkpoint saved in ./saved/AutoInt/ml-1m/2023-08-25-11-48-30-262480.ckpt.
[2023-08-25 11:49:57] INFO Training: Epoch=  2 [logloss=0.3339 auc=0.8336 train_loss_0=0.3304]
[2023-08-25 11:49:57] INFO Train time: 25.46683s. Valid time: 2.24409s. GPU RAM: 0.04/39.39 GB
[2023-08-25 11:49:57] INFO auc improved. Best value: 0.8336
[2023-08-25 11:49:57] INFO Best model checkpoint saved in ./saved/AutoInt/ml-1m/2023-08-25-11-48-30-262480.ckpt.
[2023-08-25 11:50:27] INFO Training: Epoch=  3 [logloss=0.3327 auc=0.8363 train_loss_0=0.3255]
[2023-08-25 11:50:27] INFO Train time: 28.38802s. Valid time: 2.16200s. GPU RAM: 0.04/39.39 GB
[2023-08-25 11:50:28] INFO auc improved. Best value: 0.8363
[2023-08-25 11:50:28] INFO Best model checkpoint saved in ./saved/AutoInt/ml-1m/2023-08-25-11-48-30-262480.ckpt.
[2023-08-25 11:50:59] INFO Training: Epoch=  4 [logloss=0.3304 auc=0.8381 train_loss_0=0.3217]
[2023-08-25 11:50:59] INFO Train time: 29.33863s. Valid time: 2.51218s. GPU RAM: 0.04/39.39 GB
[2023-08-25 11:50:59] INFO auc improved. Best value: 0.8381
[2023-08-25 11:50:59] INFO Best model checkpoint saved in ./saved/AutoInt/ml-1m/2023-08-25-11-48-30-262480.ckpt.
[2023-08-25 11:51:25] INFO Training: Epoch=  5 [logloss=0.3299 auc=0.8398 train_loss_0=0.3191]
[2023-08-25 11:51:25] INFO Train time: 22.86791s. Valid time: 2.55729s. GPU RAM: 0.04/39.39 GB
[2023-08-25 11:51:25] INFO auc improved. Best value: 0.8398
[2023-08-25 11:51:25] INFO Best model checkpoint saved in ./saved/AutoInt/ml-1m/2023-08-25-11-48-30-262480.ckpt.
[2023-08-25 11:51:50] INFO Training: Epoch=  6 [logloss=0.3305 auc=0.8408 train_loss_0=0.3166]
[2023-08-25 11:51:50] INFO Train time: 22.21448s. Valid time: 2.45458s. GPU RAM: 0.04/39.39 GB
[2023-08-25 11:51:50] INFO auc improved. Best value: 0.8408
[2023-08-25 11:51:50] INFO Best model checkpoint saved in ./saved/AutoInt/ml-1m/2023-08-25-11-48-30-262480.ckpt.
[2023-08-25 11:52:15] INFO Training: Epoch=  7 [logloss=0.3314 auc=0.8420 train_loss_0=0.3139]
[2023-08-25 11:52:15] INFO Train time: 23.44886s. Valid time: 2.42746s. GPU RAM: 0.04/39.39 GB
[2023-08-25 11:52:15] INFO auc improved. Best value: 0.8420
[2023-08-25 11:52:15] INFO Best model checkpoint saved in ./saved/AutoInt/ml-1m/2023-08-25-11-48-30-262480.ckpt.
[2023-08-25 11:52:41] INFO Training: Epoch=  8 [logloss=0.3284 auc=0.8428 train_loss_0=0.3113]
[2023-08-25 11:52:41] INFO Train time: 23.02141s. Valid time: 2.41676s. GPU RAM: 0.04/39.39 GB
[2023-08-25 11:52:41] INFO auc improved. Best value: 0.8428
[2023-08-25 11:52:41] INFO Best model checkpoint saved in ./saved/AutoInt/ml-1m/2023-08-25-11-48-30-262480.ckpt.
[2023-08-25 11:53:07] INFO Training: Epoch=  9 [logloss=0.3281 auc=0.8430 train_loss_0=0.3091]
[2023-08-25 11:53:07] INFO Train time: 24.02003s. Valid time: 2.06843s. GPU RAM: 0.04/39.39 GB
[2023-08-25 11:53:07] INFO auc improved. Best value: 0.8430
[2023-08-25 11:53:07] INFO Best model checkpoint saved in ./saved/AutoInt/ml-1m/2023-08-25-11-48-30-262480.ckpt.
[2023-08-25 11:53:36] INFO Training: Epoch= 10 [logloss=0.3271 auc=0.8440 train_loss_0=0.3071]
[2023-08-25 11:53:36] INFO Train time: 26.34232s. Valid time: 2.08790s. GPU RAM: 0.04/39.39 GB
[2023-08-25 11:53:36] INFO auc improved. Best value: 0.8440
[2023-08-25 11:53:36] INFO Best model checkpoint saved in ./saved/AutoInt/ml-1m/2023-08-25-11-48-30-262480.ckpt.
[2023-08-25 11:54:03] INFO Training: Epoch= 11 [logloss=0.3284 auc=0.8431 train_loss_0=0.3054]
[2023-08-25 11:54:03] INFO Train time: 25.66005s. Valid time: 2.17722s. GPU RAM: 0.04/39.39 GB
[2023-08-25 11:54:30] INFO Training: Epoch= 12 [logloss=0.3313 auc=0.8426 train_loss_0=0.3038]
[2023-08-25 11:54:30] INFO Train time: 23.78128s. Valid time: 2.51988s. GPU RAM: 0.04/39.39 GB
[2023-08-25 11:54:56] INFO Training: Epoch= 13 [logloss=0.3300 auc=0.8429 train_loss_0=0.3022]
[2023-08-25 11:54:56] INFO Train time: 21.88433s. Valid time: 4.63392s. GPU RAM: 0.04/39.39 GB
[2023-08-25 11:55:22] INFO Training: Epoch= 14 [logloss=0.3305 auc=0.8434 train_loss_0=0.3008]
[2023-08-25 11:55:22] INFO Train time: 23.31850s. Valid time: 2.40353s. GPU RAM: 0.04/39.39 GB
[2023-08-25 11:55:48] INFO Training: Epoch= 15 [logloss=0.3326 auc=0.8426 train_loss_0=0.2992]
[2023-08-25 11:55:48] INFO Train time: 23.10665s. Valid time: 2.51407s. GPU RAM: 0.04/39.39 GB
[2023-08-25 11:56:14] INFO Training: Epoch= 16 [logloss=0.3313 auc=0.8427 train_loss_0=0.2980]
[2023-08-25 11:56:14] INFO Train time: 24.51329s. Valid time: 2.20146s. GPU RAM: 0.04/39.39 GB
[2023-08-25 11:56:41] INFO Training: Epoch= 17 [logloss=0.3322 auc=0.8419 train_loss_0=0.2965]
[2023-08-25 11:56:41] INFO Train time: 24.65874s. Valid time: 2.15454s. GPU RAM: 0.04/39.39 GB
[2023-08-25 11:57:09] INFO Training: Epoch= 18 [logloss=0.3334 auc=0.8418 train_loss_0=0.2952]
[2023-08-25 11:57:09] INFO Train time: 25.87565s. Valid time: 2.23613s. GPU RAM: 0.04/39.39 GB
[2023-08-25 11:57:37] INFO Training: Epoch= 19 [logloss=0.3358 auc=0.8411 train_loss_0=0.2939]
[2023-08-25 11:57:37] INFO Train time: 25.76200s. Valid time: 2.22025s. GPU RAM: 0.04/39.39 GB
[2023-08-25 11:58:04] INFO Training: Epoch= 20 [logloss=0.3394 auc=0.8407 train_loss_0=0.2924]
[2023-08-25 11:58:04] INFO Train time: 23.72533s. Valid time: 2.45429s. GPU RAM: 0.04/39.39 GB
[2023-08-25 11:58:04] INFO Early stopped. Since the metric auc haven't been improved for 10 epochs.
[2023-08-25 11:58:04] INFO The best score of auc is 0.8440 on epoch 10
[2023-08-25 11:58:04] INFO Best model checkpoint saved in ./saved/AutoInt/ml-1m/2023-08-25-11-48-30-262480.ckpt.
[2023-08-25 11:58:06] INFO Testing:  [logloss=0.3256 auc=0.8450]
