[2023-08-25 10:50:28] INFO Log saved in /root/autodl-tmp/xingmei/RecStudio/log/AutoInt/ml-1m/2023-08-25-10-50-28-805428.log.
[2023-08-25 10:50:28] INFO Global seed set to 2022
[2023-08-25 10:50:28] INFO dataset is read from ./.recstudio/ml-1m.
[2023-08-25 10:50:35] INFO 
Dataset Info: 

=============================================================================
interaction information: 
field      UserID     MovieID    Rating     Timestamp  
type       token      token      float      float      
##         6041       3417       -          -          
=============================================================================
user information: 
field      UserID     Gender     Age        Occupation Zip-code   
type       token      token      token      token      token      
##         6041       3          8          22         3440       
=============================================================================
item information: 
field      MovieID    Title      Genres     
type       token      token_seq  token_seq  
##         3417       4702       19         
=============================================================================
Total Interactions: 999611
Sparsity: 0.951552
=============================================================================

[2023-08-25 10:50:35] INFO 
Model Config: 

data:
	binarized_rating_thres=3.0
	fm_eval=False
	neg_count=0
	sampler=None
	shuffle=True
	split_mode=user_entry
	split_ratio=[0.8, 0.1, 0.1]
	fmeval=True
	low_rating_thres=0.0
eval:
	batch_size=128
	cutoff=[5, 10, 20]
	val_metrics=['auc', 'logloss']
	val_n_epoch=1
	test_metrics=['auc', 'logloss']
	topk=100
	save_path=./saved/
model:
	embed_dim=10
	item_bias=False
	wide=False
	deep=False
	mlp_layer=[128, 64]
	activation=relu
	dropout=0.5
	attention_dim=10
	num_attention_layers=3
	n_head=2
	residual=True
	residual_project=True
	layer_norm=False
train:
	accelerator=gpu
	ann=None
	batch_size=512
	early_stop_mode=max
	early_stop_patience=10
	epochs=1000
	gpu=1
	grad_clip_norm=None
	init_method=xavier_normal
	item_batch_size=1024
	learner=adam
	learning_rate=0.001
	num_threads=10
	sampling_method=none
	sampler=uniform
	negative_count=0
	excluding_hist=False
	scheduler=None
	seed=2022
	weight_decay=0.0
	tensorboard_path=None
[2023-08-25 10:50:35] INFO Tensorboard log saved in ./tensorboard/AutoInt/ml-1m/2023-08-25-10-50-28-805428.
[2023-08-25 10:50:35] WARNING If you want to use all fields, the float fields might need a scaler. This can be set in dataset.yaml
[2023-08-25 10:50:35] WARNING No retriever is used, topk metrics is not supported.
[2023-08-25 10:50:35] INFO save_dir:./saved/
[2023-08-25 10:50:35] INFO AutoInt(
  (loss_fn): BCEWithLogitLoss()
  (embedding): Embeddings(
    num_features=9, embed_dim=10, reduction=mean
    (embeddings): ModuleDict(
      (Zip-code): Embedding(3440, 10, padding_idx=0)
      (Timestamp): DenseEmbedding(
        embedding_dim=10, bias=False, batch_norm=True
        (batch_norm_layer): BatchNorm1d(1, eps=1e-05, momentum=0.1, affine=True, track_running_stats=True)
        (weight): Linear(in_features=1, out_features=10, bias=False)
      )
      (UserID): Embedding(6041, 10, padding_idx=0)
      (Gender): Embedding(3, 10, padding_idx=0)
      (Occupation): Embedding(22, 10, padding_idx=0)
      (Genres): Embedding(19, 10, padding_idx=0)
      (Age): Embedding(8, 10, padding_idx=0)
      (Title): Embedding(4702, 10, padding_idx=0)
      (MovieID): Embedding(3417, 10, padding_idx=0)
    )
    (seq_pooling_layer): SeqPoolingLayer(pooling_type=mean, keepdim=False)
  )
  (int): Sequential(
    (0): SelfAttentionInteractingLayer(
      attention_dim=10, n_head=2, dropout=0.5, residual=True, layer_norm=False
      (attn): AttentionLayer(
        (attn_layer): MultiheadAttention(
          (out_proj): NonDynamicallyQuantizableLinear(in_features=10, out_features=10, bias=True)
        )
      )
      (res): Linear(in_features=10, out_features=10, bias=True)
    )
    (1): SelfAttentionInteractingLayer(
      attention_dim=10, n_head=2, dropout=0.5, residual=True, layer_norm=False
      (attn): AttentionLayer(
        (attn_layer): MultiheadAttention(
          (out_proj): NonDynamicallyQuantizableLinear(in_features=10, out_features=10, bias=True)
        )
      )
      (res): Linear(in_features=10, out_features=10, bias=True)
    )
    (2): SelfAttentionInteractingLayer(
      attention_dim=10, n_head=2, dropout=0.5, residual=True, layer_norm=False
      (attn): AttentionLayer(
        (attn_layer): MultiheadAttention(
          (out_proj): NonDynamicallyQuantizableLinear(in_features=10, out_features=10, bias=True)
        )
      )
      (res): Linear(in_features=10, out_features=10, bias=True)
    )
  )
  (fc): Linear(in_features=90, out_features=1, bias=True)
)
[2023-08-25 10:51:27] INFO Training: Epoch=  0 [logloss=0.3414 auc=0.8256 train_loss_0=0.3675]
[2023-08-25 10:51:27] INFO Train time: 46.41201s. Valid time: 4.06052s. GPU RAM: 0.03/39.39 GB
[2023-08-25 10:51:27] INFO auc improved. Best value: 0.8256
[2023-08-25 10:51:27] INFO Best model checkpoint saved in ./saved/AutoInt/ml-1m/2023-08-25-10-50-28-805428.ckpt.
[2023-08-25 10:52:15] INFO Training: Epoch=  1 [logloss=0.3368 auc=0.8295 train_loss_0=0.3365]
[2023-08-25 10:52:15] INFO Train time: 42.92728s. Valid time: 4.35278s. GPU RAM: 0.03/39.39 GB
[2023-08-25 10:52:15] INFO auc improved. Best value: 0.8295
[2023-08-25 10:52:15] INFO Best model checkpoint saved in ./saved/AutoInt/ml-1m/2023-08-25-10-50-28-805428.ckpt.
[2023-08-25 10:53:01] INFO Training: Epoch=  2 [logloss=0.3335 auc=0.8334 train_loss_0=0.3312]
[2023-08-25 10:53:01] INFO Train time: 41.12146s. Valid time: 4.71423s. GPU RAM: 0.03/39.39 GB
[2023-08-25 10:53:01] INFO auc improved. Best value: 0.8334
[2023-08-25 10:53:01] INFO Best model checkpoint saved in ./saved/AutoInt/ml-1m/2023-08-25-10-50-28-805428.ckpt.
[2023-08-25 10:53:42] INFO Training: Epoch=  3 [logloss=0.3318 auc=0.8356 train_loss_0=0.3262]
[2023-08-25 10:53:42] INFO Train time: 37.26168s. Valid time: 4.58644s. GPU RAM: 0.04/39.39 GB
[2023-08-25 10:53:42] INFO auc improved. Best value: 0.8356
[2023-08-25 10:53:42] INFO Best model checkpoint saved in ./saved/AutoInt/ml-1m/2023-08-25-10-50-28-805428.ckpt.
[2023-08-25 10:54:25] INFO Training: Epoch=  4 [logloss=0.3306 auc=0.8377 train_loss_0=0.3223]
[2023-08-25 10:54:25] INFO Train time: 37.37798s. Valid time: 4.80457s. GPU RAM: 0.04/39.39 GB
[2023-08-25 10:54:25] INFO auc improved. Best value: 0.8377
[2023-08-25 10:54:25] INFO Best model checkpoint saved in ./saved/AutoInt/ml-1m/2023-08-25-10-50-28-805428.ckpt.
[2023-08-25 10:55:08] INFO Training: Epoch=  5 [logloss=0.3289 auc=0.8397 train_loss_0=0.3191]
[2023-08-25 10:55:08] INFO Train time: 37.06177s. Valid time: 6.12433s. GPU RAM: 0.04/39.39 GB
[2023-08-25 10:55:08] INFO auc improved. Best value: 0.8397
[2023-08-25 10:55:08] INFO Best model checkpoint saved in ./saved/AutoInt/ml-1m/2023-08-25-10-50-28-805428.ckpt.
[2023-08-25 10:55:49] INFO Training: Epoch=  6 [logloss=0.3298 auc=0.8406 train_loss_0=0.3164]
[2023-08-25 10:55:49] INFO Train time: 35.82136s. Valid time: 5.18995s. GPU RAM: 0.04/39.39 GB
[2023-08-25 10:55:49] INFO auc improved. Best value: 0.8406
[2023-08-25 10:55:49] INFO Best model checkpoint saved in ./saved/AutoInt/ml-1m/2023-08-25-10-50-28-805428.ckpt.
[2023-08-25 10:56:32] INFO Training: Epoch=  7 [logloss=0.3279 auc=0.8417 train_loss_0=0.3138]
[2023-08-25 10:56:32] INFO Train time: 37.70573s. Valid time: 4.99651s. GPU RAM: 0.04/39.39 GB
[2023-08-25 10:56:32] INFO auc improved. Best value: 0.8417
[2023-08-25 10:56:32] INFO Best model checkpoint saved in ./saved/AutoInt/ml-1m/2023-08-25-10-50-28-805428.ckpt.
[2023-08-25 10:57:14] INFO Training: Epoch=  8 [logloss=0.3280 auc=0.8427 train_loss_0=0.3113]
[2023-08-25 10:57:14] INFO Train time: 36.65944s. Valid time: 5.90825s. GPU RAM: 0.04/39.39 GB
[2023-08-25 10:57:14] INFO auc improved. Best value: 0.8427
[2023-08-25 10:57:14] INFO Best model checkpoint saved in ./saved/AutoInt/ml-1m/2023-08-25-10-50-28-805428.ckpt.
[2023-08-25 10:57:57] INFO Training: Epoch=  9 [logloss=0.3279 auc=0.8430 train_loss_0=0.3091]
[2023-08-25 10:57:57] INFO Train time: 36.43176s. Valid time: 6.22960s. GPU RAM: 0.04/39.39 GB
[2023-08-25 10:57:57] INFO auc improved. Best value: 0.8430
[2023-08-25 10:57:57] INFO Best model checkpoint saved in ./saved/AutoInt/ml-1m/2023-08-25-10-50-28-805428.ckpt.
[2023-08-25 10:58:40] INFO Training: Epoch= 10 [logloss=0.3283 auc=0.8433 train_loss_0=0.3069]
[2023-08-25 10:58:40] INFO Train time: 38.03490s. Valid time: 4.99026s. GPU RAM: 0.04/39.39 GB
[2023-08-25 10:58:40] INFO auc improved. Best value: 0.8433
[2023-08-25 10:58:40] INFO Best model checkpoint saved in ./saved/AutoInt/ml-1m/2023-08-25-10-50-28-805428.ckpt.
[2023-08-25 10:59:25] INFO Training: Epoch= 11 [logloss=0.3290 auc=0.8433 train_loss_0=0.3050]
[2023-08-25 10:59:25] INFO Train time: 39.78620s. Valid time: 5.05724s. GPU RAM: 0.04/39.39 GB
[2023-08-25 11:00:10] INFO Training: Epoch= 12 [logloss=0.3288 auc=0.8434 train_loss_0=0.3034]
[2023-08-25 11:00:10] INFO Train time: 39.12217s. Valid time: 5.92019s. GPU RAM: 0.04/39.39 GB
[2023-08-25 11:00:10] INFO auc improved. Best value: 0.8434
[2023-08-25 11:00:10] INFO Best model checkpoint saved in ./saved/AutoInt/ml-1m/2023-08-25-10-50-28-805428.ckpt.
[2023-08-25 11:00:54] INFO Training: Epoch= 13 [logloss=0.3289 auc=0.8434 train_loss_0=0.3017]
[2023-08-25 11:00:54] INFO Train time: 37.26502s. Valid time: 6.17739s. GPU RAM: 0.04/39.39 GB
[2023-08-25 11:01:36] INFO Training: Epoch= 14 [logloss=0.3285 auc=0.8438 train_loss_0=0.2999]
[2023-08-25 11:01:36] INFO Train time: 36.47810s. Valid time: 5.74182s. GPU RAM: 0.04/39.39 GB
[2023-08-25 11:01:36] INFO auc improved. Best value: 0.8438
[2023-08-25 11:01:36] INFO Best model checkpoint saved in ./saved/AutoInt/ml-1m/2023-08-25-10-50-28-805428.ckpt.
[2023-08-25 11:02:17] INFO Training: Epoch= 15 [logloss=0.3293 auc=0.8436 train_loss_0=0.2982]
[2023-08-25 11:02:17] INFO Train time: 36.12839s. Valid time: 4.62948s. GPU RAM: 0.04/39.39 GB
[2023-08-25 11:03:01] INFO Training: Epoch= 16 [logloss=0.3310 auc=0.8421 train_loss_0=0.2966]
[2023-08-25 11:03:01] INFO Train time: 38.70098s. Valid time: 5.31673s. GPU RAM: 0.04/39.39 GB
[2023-08-25 11:03:45] INFO Training: Epoch= 17 [logloss=0.3310 auc=0.8441 train_loss_0=0.2950]
[2023-08-25 11:03:45] INFO Train time: 37.88176s. Valid time: 6.05692s. GPU RAM: 0.04/39.39 GB
[2023-08-25 11:03:45] INFO auc improved. Best value: 0.8441
[2023-08-25 11:03:45] INFO Best model checkpoint saved in ./saved/AutoInt/ml-1m/2023-08-25-10-50-28-805428.ckpt.
[2023-08-25 11:04:30] INFO Training: Epoch= 18 [logloss=0.3326 auc=0.8419 train_loss_0=0.2936]
[2023-08-25 11:04:30] INFO Train time: 38.42535s. Valid time: 6.77194s. GPU RAM: 0.04/39.39 GB
[2023-08-25 11:05:05] INFO Training: Epoch= 19 [logloss=0.3324 auc=0.8424 train_loss_0=0.2924]
[2023-08-25 11:05:05] INFO Train time: 31.43509s. Valid time: 2.91439s. GPU RAM: 0.04/39.39 GB
[2023-08-25 11:05:24] INFO Training: Epoch= 20 [logloss=0.3333 auc=0.8426 train_loss_0=0.2907]
[2023-08-25 11:05:24] INFO Train time: 16.85627s. Valid time: 2.33137s. GPU RAM: 0.04/39.39 GB
[2023-08-25 11:06:06] INFO Training: Epoch= 21 [logloss=0.3336 auc=0.8416 train_loss_0=0.2896]
[2023-08-25 11:06:06] INFO Train time: 38.03318s. Valid time: 4.70857s. GPU RAM: 0.04/39.39 GB
[2023-08-25 11:06:50] INFO Training: Epoch= 22 [logloss=0.3349 auc=0.8425 train_loss_0=0.2883]
[2023-08-25 11:06:50] INFO Train time: 39.36227s. Valid time: 4.30057s. GPU RAM: 0.04/39.39 GB
[2023-08-25 11:07:38] INFO Training: Epoch= 23 [logloss=0.3378 auc=0.8409 train_loss_0=0.2872]
[2023-08-25 11:07:38] INFO Train time: 43.54393s. Valid time: 3.97857s. GPU RAM: 0.04/39.39 GB
[2023-08-25 11:08:21] INFO Training: Epoch= 24 [logloss=0.3378 auc=0.8416 train_loss_0=0.2860]
[2023-08-25 11:08:21] INFO Train time: 37.68901s. Valid time: 5.07668s. GPU RAM: 0.04/39.39 GB
[2023-08-25 11:09:04] INFO Training: Epoch= 25 [logloss=0.3376 auc=0.8416 train_loss_0=0.2851]
[2023-08-25 11:09:04] INFO Train time: 36.63998s. Valid time: 6.40947s. GPU RAM: 0.04/39.39 GB
[2023-08-25 11:09:46] INFO Training: Epoch= 26 [logloss=0.3390 auc=0.8404 train_loss_0=0.2835]
[2023-08-25 11:09:46] INFO Train time: 35.83289s. Valid time: 6.30937s. GPU RAM: 0.04/39.39 GB
[2023-08-25 11:10:27] INFO Training: Epoch= 27 [logloss=0.3401 auc=0.8406 train_loss_0=0.2826]
[2023-08-25 11:10:27] INFO Train time: 34.26750s. Valid time: 6.48111s. GPU RAM: 0.04/39.39 GB
[2023-08-25 11:10:27] INFO Early stopped. Since the metric auc haven't been improved for 10 epochs.
[2023-08-25 11:10:27] INFO The best score of auc is 0.8441 on epoch 17
[2023-08-25 11:10:27] INFO Best model checkpoint saved in ./saved/AutoInt/ml-1m/2023-08-25-10-50-28-805428.ckpt.
[2023-08-25 11:10:32] INFO Testing:  [logloss=0.3294 auc=0.8448]
